  OpenglPlayVideo2Textuers.cpp
F:\software\vs2015_workplace\shipinronghe\videoGlplay\videoGlplay\shared\OpenCV\include\opencv2/core/mat.hpp(2586): warning C4819: 该文件包含不能在当前代码页(936)中表示的字符。请将该文件保存为 Unicode 格式以防止数据丢失
F:\software\vs2015_workplace\shipinronghe\videoGlplay\videoGlplay\shared\OpenCV\include\opencv2/core/persistence.hpp : warning C4819: 该文件包含不能在当前代码页(936)中表示的字符。请将该文件保存为 Unicode 格式以防止数据丢失
F:\software\vs2015_workplace\shipinronghe\videoGlplay\videoGlplay\shared\OpenCV\include\opencv2/core/utility.hpp : warning C4819: 该文件包含不能在当前代码页(936)中表示的字符。请将该文件保存为 Unicode 格式以防止数据丢失
F:\software\vs2015_workplace\shipinronghe\videoGlplay\videoGlplay\shared\OpenCV\include\opencv2/core/utility.hpp : warning C4819: 该文件包含不能在当前代码页(936)中表示的字符。请将该文件保存为 Unicode 格式以防止数据丢失
f:\software\vs2015_workplace\shipinronghe\videoglplay\videoglplay\shared\ffmpeg\include\libavutil\rational.h : warning C4819: 该文件包含不能在当前代码页(936)中表示的字符。请将该文件保存为 Unicode 格式以防止数据丢失
OpenglPlayVideo2Textuers.cpp(279): warning C4244: “=”: 从“double”转换到“float”，可能丢失数据
OpenglPlayVideo2Textuers.cpp(280): warning C4244: “=”: 从“double”转换到“float”，可能丢失数据
OpenglPlayVideo2Textuers.cpp(284): warning C4244: “初始化”: 从“double”转换到“float”，可能丢失数据
OpenglPlayVideo2Textuers.cpp(285): warning C4244: “初始化”: 从“double”转换到“float”，可能丢失数据
OpenglPlayVideo2Textuers.cpp(286): warning C4244: “=”: 从“double”转换到“float”，可能丢失数据
OpenglPlayVideo2Textuers.cpp(287): warning C4244: “=”: 从“double”转换到“float”，可能丢失数据
OpenglPlayVideo2Textuers.cpp(438): warning C4244: “参数”: 从“GLfloat”转换到“GLsizei”，可能丢失数据
OpenglPlayVideo2Textuers.cpp(442): warning C4244: “参数”: 从“GLfloat”转换到“int”，可能丢失数据
OpenglPlayVideo2Textuers.cpp(442): warning C4244: “参数”: 从“double”转换到“int”，可能丢失数据
OpenglPlayVideo2Textuers.cpp(456): warning C4244: “参数”: 从“GLfloat”转换到“GLsizei”，可能丢失数据
OpenglPlayVideo2Textuers.cpp(456): warning C4244: “参数”: 从“double”转换到“GLsizei”，可能丢失数据
OpenglPlayVideo2Textuers.cpp(466): warning C4267: “初始化”: 从“size_t”转换到“int”，可能丢失数据
OpenglPlayVideo2Textuers.cpp(672): warning C4244: “参数”: 从“double”转换到“float”，可能丢失数据
OpenglPlayVideo2Textuers.cpp(857): warning C4244: “初始化”: 从“float”转换到“int”，可能丢失数据
OpenglPlayVideo2Textuers.cpp(1445): warning C4244: “参数”: 从“GLfloat”转换到“GLsizei”，可能丢失数据
OpenglPlayVideo2Textuers.cpp(1482): warning C4244: “参数”: 从“double”转换到“GLsizei”，可能丢失数据
  正在生成代码
  31 of 331 functions ( 9.4%) were compiled, the rest were copied from previous compilation.
    1 functions were new in current compilation
    1 functions had inline decision re-evaluated but remain unchanged
  已完成代码的生成
  videoGlplay.vcxproj -> F:\software\vs2015_workplace\shipinronghe\videoGlplay\x64\Release\videoGlplay.exe
  videoGlplay.vcxproj -> F:\software\vs2015_workplace\shipinronghe\videoGlplay\x64\Release\videoGlplay.pdb (Full PDB)
