  main2.cpp
F:\software\vs2015_workplace\shipinronghe\videoGlplay\LoadModel\shared\OpenCV\include\opencv2/core/mat.hpp(2586): warning C4819: 该文件包含不能在当前代码页(936)中表示的字符。请将该文件保存为 Unicode 格式以防止数据丢失
F:\software\vs2015_workplace\shipinronghe\videoGlplay\LoadModel\shared\OpenCV\include\opencv2/core/persistence.hpp : warning C4819: 该文件包含不能在当前代码页(936)中表示的字符。请将该文件保存为 Unicode 格式以防止数据丢失
F:\software\vs2015_workplace\shipinronghe\videoGlplay\LoadModel\shared\OpenCV\include\opencv2/core/utility.hpp : warning C4819: 该文件包含不能在当前代码页(936)中表示的字符。请将该文件保存为 Unicode 格式以防止数据丢失
F:\software\vs2015_workplace\shipinronghe\videoGlplay\LoadModel\shared\OpenCV\include\opencv2/core/utility.hpp : warning C4819: 该文件包含不能在当前代码页(936)中表示的字符。请将该文件保存为 Unicode 格式以防止数据丢失
main2.cpp(191): warning C4244: “参数”: 从“GLfloat”转换到“GLsizei”，可能丢失数据
main2.cpp(202): warning C4267: “初始化”: 从“size_t”转换到“int”，可能丢失数据
main2.cpp(401): warning C4244: “初始化”: 从“float”转换到“int”，可能丢失数据
main2.cpp(729): warning C4244: “参数”: 从“GLfloat”转换到“GLsizei”，可能丢失数据
main2.cpp(758): warning C4244: “初始化”: 从“double”转换到“float”，可能丢失数据
main2.cpp(813): warning C4244: “=”: 从“double”转换到“float”，可能丢失数据
main2.cpp(814): warning C4244: “=”: 从“double”转换到“float”，可能丢失数据
main2.cpp(818): warning C4244: “初始化”: 从“double”转换到“float”，可能丢失数据
main2.cpp(819): warning C4244: “初始化”: 从“double”转换到“float”，可能丢失数据
main2.cpp(820): warning C4244: “=”: 从“double”转换到“float”，可能丢失数据
main2.cpp(821): warning C4244: “=”: 从“double”转换到“float”，可能丢失数据
main2.cpp(828): warning C4244: “参数”: 从“double”转换到“float”，可能丢失数据
  正在生成代码
  29 of 936 functions ( 3.1%) were compiled, the rest were copied from previous compilation.
    0 functions were new in current compilation
    5 functions had inline decision re-evaluated but remain unchanged
  已完成代码的生成
  LoadModel.vcxproj -> F:\software\vs2015_workplace\shipinronghe\videoGlplay\x64\Release\LoadModel.exe
  LoadModel.vcxproj -> F:\software\vs2015_workplace\shipinronghe\videoGlplay\x64\Release\LoadModel.pdb (Full PDB)
